<?xml version="1.0" encoding="utf-8" ?>
<!DOCTYPE html PUBLIC "-//W3C//DTD XHTML 1.0 Strict//EN"
        "http://www.w3.org/TR/xhtml1/DTD/xhtml1-strict.dtd">
<html xmlns="http://www.w3.org/1999/xhtml" xml:lang="" lang="">
<head>
  <title>Test Results Report - TutorialsNinja Test</title>
  <meta http-equiv="Content-Type" content="text/html;charset=utf-8" />
  <meta name="description" content="TestNG unit test results." />
  <link href="reportng.css" rel="stylesheet" type="text/css" />
    <script type="text/javascript" src="reportng.js"></script>
</head>
<body>
<h1>TutorialsNinja Test</h1>
<p>
  Test duration: 69.083s
</p>



  <table class="resultsTable">
    <tr><th colspan="3" class="header failed">Failed Tests</th></tr>
          <tr>
        <td colspan="3" class="group">com.tutuorialsninja.testsuite.MyAccountsTest</td>
      </tr>
            
<tr>
  <td class="method">
                  verifyThatUserRegisterAccountSuccessfully
      </td>
  <td class="duration">
    2.582s
  </td>
  <td class="result">
        
    
            <div class="testOutput">
                        Click On My Account: [[ChromeDriver: chrome on WINDOWS (51f834f099f39d5121bd9a5d0ea6978a)] -&gt; xpath: //footer//a[text()=&apos;My Account&apos;]]&lt;br&gt;<br />
                                Enter First Name: [[ChromeDriver: chrome on WINDOWS (51f834f099f39d5121bd9a5d0ea6978a)] -&gt; id: input-firstname]&lt;br&gt;<br />
                                Enter Last Name: [[ChromeDriver: chrome on WINDOWS (51f834f099f39d5121bd9a5d0ea6978a)] -&gt; id: input-lastname]&lt;br&gt;<br />
                                Enter Email: [[ChromeDriver: chrome on WINDOWS (51f834f099f39d5121bd9a5d0ea6978a)] -&gt; id: input-email]&lt;br&gt;<br />
                                Enter Telephone: [[ChromeDriver: chrome on WINDOWS (51f834f099f39d5121bd9a5d0ea6978a)] -&gt; id: input-telephone]&lt;br&gt;<br />
                                Enter Password: [[ChromeDriver: chrome on WINDOWS (51f834f099f39d5121bd9a5d0ea6978a)] -&gt; id: input-password]&lt;br&gt;<br />
                                Enter Confirm Password: [[ChromeDriver: chrome on WINDOWS (51f834f099f39d5121bd9a5d0ea6978a)] -&gt; id: input-confirm]&lt;br&gt;<br />
                                Click On ppCheck: [[ChromeDriver: chrome on WINDOWS (51f834f099f39d5121bd9a5d0ea6978a)] -&gt; xpath: //input[@type=&apos;checkbox&apos;]]&lt;br&gt;<br />
                                Click On ContinueButton Register Page: [[ChromeDriver: chrome on WINDOWS (51f834f099f39d5121bd9a5d0ea6978a)] -&gt; xpath: //input[@value=&apos;Continue&apos;]]&lt;br&gt;<br />
                                Verify Account Created Successfully: [[ChromeDriver: chrome on WINDOWS (51f834f099f39d5121bd9a5d0ea6978a)] -&gt; xpath: //h1[text()=&apos;Your Account Has Been Created!&apos;]]&lt;br&gt;<br />
                                Click On Continue Button: [[ChromeDriver: chrome on WINDOWS (51f834f099f39d5121bd9a5d0ea6978a)] -&gt; xpath: //a[text()=&apos;Continue&apos;]]&lt;br&gt;<br />
                                Click On My Account: [[ChromeDriver: chrome on WINDOWS (51f834f099f39d5121bd9a5d0ea6978a)] -&gt; xpath: //footer//a[text()=&apos;My Account&apos;]]&lt;br&gt;<br />
                  </div>
    

        <a href="javascript:toggleElement('exception-0', 'block')" title="Click to expand/collapse"><b>org.openqa.selenium.StaleElementReferenceException: stale element reference: element is not attached to the page document<br/>
&nbsp; (Session info: chrome=112.0.5615.138)<br/>
For documentation on this error, please visit: https://selenium.dev/exceptions/#stale_element_reference<br/>
Build info: version: &apos;4.9.0&apos;, revision: &apos;d7057100a6&apos;<br/>
System info: os.name: &apos;Windows 10&apos;, os.arch: &apos;amd64&apos;, os.version: &apos;10.0&apos;, java.version: &apos;1.8.0_121&apos;<br/>
Driver info: org.openqa.selenium.chrome.ChromeDriver<br/>
Command: [51f834f099f39d5121bd9a5d0ea6978a, clickElement {id=1d4173ee-a2db-4cad-8b67-f7b05b553c7e}]<br/>
Capabilities {acceptInsecureCerts: false, browserName: chrome, browserVersion: 112.0.5615.138, chrome: {chromedriverVersion: 112.0.5615.49 (bd2a7bcb881c..., userDataDir: C:\Users\Vimal\AppData\Loca...}, goog:chromeOptions: {debuggerAddress: localhost:60000}, networkConnectionEnabled: false, pageLoadStrategy: normal, platformName: WINDOWS, proxy: Proxy(), se:cdp: ws://localhost:60000/devtoo..., se:cdpVersion: 112.0.5615.138, setWindowRect: true, strictFileInteractability: false, timeouts: {implicit: 0, pageLoad: 300000, script: 30000}, unhandledPromptBehavior: dismiss and notify, webauthn:extension:credBlob: true, webauthn:extension:largeBlob: true, webauthn:extension:minPinLength: true, webauthn:extension:prf: true, webauthn:virtualAuthenticators: true}<br/>
Element: [[ChromeDriver: chrome on WINDOWS (51f834f099f39d5121bd9a5d0ea6978a)] -&gt; xpath: //footer//a[text()=&apos;My Account&apos;]]<br/>
Session ID: 51f834f099f39d5121bd9a5d0ea6978a</b></a><br />
    <div class="stackTrace" id="exception-0">
              sun.reflect.NativeConstructorAccessorImpl.newInstance0(Native Method)<br />
              sun.reflect.NativeConstructorAccessorImpl.newInstance(NativeConstructorAccessorImpl.java:62)<br />
              sun.reflect.DelegatingConstructorAccessorImpl.newInstance(DelegatingConstructorAccessorImpl.java:45)<br />
              java.lang.reflect.Constructor.newInstance(Constructor.java:423)<br />
              org.openqa.selenium.remote.codec.w3c.W3CHttpResponseCodec.createException(W3CHttpResponseCodec.java:200)<br />
              org.openqa.selenium.remote.codec.w3c.W3CHttpResponseCodec.decode(W3CHttpResponseCodec.java:133)<br />
              org.openqa.selenium.remote.codec.w3c.W3CHttpResponseCodec.decode(W3CHttpResponseCodec.java:53)<br />
              org.openqa.selenium.remote.HttpCommandExecutor.execute(HttpCommandExecutor.java:193)<br />
              org.openqa.selenium.remote.service.DriverCommandExecutor.invokeExecute(DriverCommandExecutor.java:183)<br />
              org.openqa.selenium.remote.service.DriverCommandExecutor.execute(DriverCommandExecutor.java:158)<br />
              org.openqa.selenium.remote.RemoteWebDriver.execute(RemoteWebDriver.java:543)<br />
              org.openqa.selenium.remote.RemoteWebElement.execute(RemoteWebElement.java:257)<br />
              org.openqa.selenium.remote.RemoteWebElement.click(RemoteWebElement.java:78)<br />
              sun.reflect.GeneratedMethodAccessor4.invoke(Unknown Source)<br />
              sun.reflect.DelegatingMethodAccessorImpl.invoke(DelegatingMethodAccessorImpl.java:43)<br />
              java.lang.reflect.Method.invoke(Method.java:498)<br />
              org.openqa.selenium.support.pagefactory.internal.LocatingElementHandler.invoke(LocatingElementHandler.java:52)<br />
              com.sun.proxy.$Proxy16.click(Unknown Source)<br />
              com.tutuorialsninja.utility.Utility.clickOnElement(Utility.java:22)<br />
              com.tutuorialsninja.pages.HomePage.clickOnMyAccount(HomePage.java:69)<br />
              com.tutuorialsninja.testsuite.MyAccountsTest.verifyThatUserRegisterAccountSuccessfully(MyAccountsTest.java:71)<br />
              sun.reflect.NativeMethodAccessorImpl.invoke0(Native Method)<br />
              sun.reflect.NativeMethodAccessorImpl.invoke(NativeMethodAccessorImpl.java:62)<br />
              sun.reflect.DelegatingMethodAccessorImpl.invoke(DelegatingMethodAccessorImpl.java:43)<br />
              java.lang.reflect.Method.invoke(Method.java:498)<br />
              org.testng.internal.invokers.MethodInvocationHelper.invokeMethod(MethodInvocationHelper.java:135)<br />
              org.testng.internal.invokers.TestInvoker.invokeMethod(TestInvoker.java:673)<br />
              org.testng.internal.invokers.TestInvoker.invokeTestMethod(TestInvoker.java:220)<br />
              org.testng.internal.invokers.MethodRunner.runInSequence(MethodRunner.java:50)<br />
              org.testng.internal.invokers.TestInvoker$MethodInvocationAgent.invoke(TestInvoker.java:945)<br />
              org.testng.internal.invokers.TestInvoker.invokeTestMethods(TestInvoker.java:193)<br />
              org.testng.internal.invokers.TestMethodWorker.invokeTestMethods(TestMethodWorker.java:146)<br />
              org.testng.internal.invokers.TestMethodWorker.run(TestMethodWorker.java:128)<br />
              java.util.ArrayList.forEach(ArrayList.java:1249)<br />
              org.testng.TestRunner.privateRun(TestRunner.java:808)<br />
              org.testng.TestRunner.run(TestRunner.java:603)<br />
              org.testng.SuiteRunner.runTest(SuiteRunner.java:429)<br />
              org.testng.SuiteRunner.runSequentially(SuiteRunner.java:423)<br />
              org.testng.SuiteRunner.privateRun(SuiteRunner.java:383)<br />
              org.testng.SuiteRunner.run(SuiteRunner.java:326)<br />
              org.testng.SuiteRunnerWorker.runSuite(SuiteRunnerWorker.java:52)<br />
              org.testng.SuiteRunnerWorker.run(SuiteRunnerWorker.java:95)<br />
              org.testng.TestNG.runSuitesSequentially(TestNG.java:1249)<br />
              org.testng.TestNG.runSuitesLocally(TestNG.java:1169)<br />
              org.testng.TestNG.runSuites(TestNG.java:1092)<br />
              org.testng.TestNG.run(TestNG.java:1060)<br />
              com.intellij.rt.testng.IDEARemoteTestNG.run(IDEARemoteTestNG.java:66)<br />
              com.intellij.rt.testng.RemoteTestNGStarter.main(RemoteTestNGStarter.java:109)<br />
                </div>
      </td>
</tr>
<tr>
  <td class="method">
                  verifyThatUserShouldLoginAndLogoutSuccessfully
      </td>
  <td class="duration">
    1.784s
  </td>
  <td class="result">
        
    
            <div class="testOutput">
                        Click On My Account: [[ChromeDriver: chrome on WINDOWS (705a8529afe89b6e7c87aec0658e000c)] -&gt; xpath: //footer//a[text()=&apos;My Account&apos;]]&lt;br&gt;<br />
                                Enter Email Address: [[ChromeDriver: chrome on WINDOWS (705a8529afe89b6e7c87aec0658e000c)] -&gt; id: input-email]&lt;br&gt;<br />
                                Enter Password: [[ChromeDriver: chrome on WINDOWS (705a8529afe89b6e7c87aec0658e000c)] -&gt; id: input-password]&lt;br&gt;<br />
                                Click On LoginBtn: [[ChromeDriver: chrome on WINDOWS (705a8529afe89b6e7c87aec0658e000c)] -&gt; xpath: //input[@value=&apos;Login&apos;]]&lt;br&gt;<br />
                                Verify My Account Text: [[ChromeDriver: chrome on WINDOWS (705a8529afe89b6e7c87aec0658e000c)] -&gt; xpath: //h2[text()=&apos;My Account&apos;]]&lt;br&gt;<br />
                                Click On My Account: [[ChromeDriver: chrome on WINDOWS (705a8529afe89b6e7c87aec0658e000c)] -&gt; xpath: //footer//a[text()=&apos;My Account&apos;]]&lt;br&gt;<br />
                  </div>
    

        <a href="javascript:toggleElement('exception-1', 'block')" title="Click to expand/collapse"><b>org.openqa.selenium.StaleElementReferenceException: stale element reference: element is not attached to the page document<br/>
&nbsp; (Session info: chrome=112.0.5615.138)<br/>
For documentation on this error, please visit: https://selenium.dev/exceptions/#stale_element_reference<br/>
Build info: version: &apos;4.9.0&apos;, revision: &apos;d7057100a6&apos;<br/>
System info: os.name: &apos;Windows 10&apos;, os.arch: &apos;amd64&apos;, os.version: &apos;10.0&apos;, java.version: &apos;1.8.0_121&apos;<br/>
Driver info: org.openqa.selenium.chrome.ChromeDriver<br/>
Command: [705a8529afe89b6e7c87aec0658e000c, clickElement {id=aee7a693-da44-42ee-832f-bb6704c4dc16}]<br/>
Capabilities {acceptInsecureCerts: false, browserName: chrome, browserVersion: 112.0.5615.138, chrome: {chromedriverVersion: 112.0.5615.49 (bd2a7bcb881c..., userDataDir: C:\Users\Vimal\AppData\Loca...}, goog:chromeOptions: {debuggerAddress: localhost:60020}, networkConnectionEnabled: false, pageLoadStrategy: normal, platformName: WINDOWS, proxy: Proxy(), se:cdp: ws://localhost:60020/devtoo..., se:cdpVersion: 112.0.5615.138, setWindowRect: true, strictFileInteractability: false, timeouts: {implicit: 0, pageLoad: 300000, script: 30000}, unhandledPromptBehavior: dismiss and notify, webauthn:extension:credBlob: true, webauthn:extension:largeBlob: true, webauthn:extension:minPinLength: true, webauthn:extension:prf: true, webauthn:virtualAuthenticators: true}<br/>
Element: [[ChromeDriver: chrome on WINDOWS (705a8529afe89b6e7c87aec0658e000c)] -&gt; xpath: //footer//a[text()=&apos;My Account&apos;]]<br/>
Session ID: 705a8529afe89b6e7c87aec0658e000c</b></a><br />
    <div class="stackTrace" id="exception-1">
              sun.reflect.NativeConstructorAccessorImpl.newInstance0(Native Method)<br />
              sun.reflect.NativeConstructorAccessorImpl.newInstance(NativeConstructorAccessorImpl.java:62)<br />
              sun.reflect.DelegatingConstructorAccessorImpl.newInstance(DelegatingConstructorAccessorImpl.java:45)<br />
              java.lang.reflect.Constructor.newInstance(Constructor.java:423)<br />
              org.openqa.selenium.remote.codec.w3c.W3CHttpResponseCodec.createException(W3CHttpResponseCodec.java:200)<br />
              org.openqa.selenium.remote.codec.w3c.W3CHttpResponseCodec.decode(W3CHttpResponseCodec.java:133)<br />
              org.openqa.selenium.remote.codec.w3c.W3CHttpResponseCodec.decode(W3CHttpResponseCodec.java:53)<br />
              org.openqa.selenium.remote.HttpCommandExecutor.execute(HttpCommandExecutor.java:193)<br />
              org.openqa.selenium.remote.service.DriverCommandExecutor.invokeExecute(DriverCommandExecutor.java:183)<br />
              org.openqa.selenium.remote.service.DriverCommandExecutor.execute(DriverCommandExecutor.java:158)<br />
              org.openqa.selenium.remote.RemoteWebDriver.execute(RemoteWebDriver.java:543)<br />
              org.openqa.selenium.remote.RemoteWebElement.execute(RemoteWebElement.java:257)<br />
              org.openqa.selenium.remote.RemoteWebElement.click(RemoteWebElement.java:78)<br />
              sun.reflect.GeneratedMethodAccessor4.invoke(Unknown Source)<br />
              sun.reflect.DelegatingMethodAccessorImpl.invoke(DelegatingMethodAccessorImpl.java:43)<br />
              java.lang.reflect.Method.invoke(Method.java:498)<br />
              org.openqa.selenium.support.pagefactory.internal.LocatingElementHandler.invoke(LocatingElementHandler.java:52)<br />
              com.sun.proxy.$Proxy16.click(Unknown Source)<br />
              com.tutuorialsninja.utility.Utility.clickOnElement(Utility.java:22)<br />
              com.tutuorialsninja.pages.HomePage.clickOnMyAccount(HomePage.java:69)<br />
              com.tutuorialsninja.testsuite.MyAccountsTest.verifyThatUserShouldLoginAndLogoutSuccessfully(MyAccountsTest.java:95)<br />
              sun.reflect.NativeMethodAccessorImpl.invoke0(Native Method)<br />
              sun.reflect.NativeMethodAccessorImpl.invoke(NativeMethodAccessorImpl.java:62)<br />
              sun.reflect.DelegatingMethodAccessorImpl.invoke(DelegatingMethodAccessorImpl.java:43)<br />
              java.lang.reflect.Method.invoke(Method.java:498)<br />
              org.testng.internal.invokers.MethodInvocationHelper.invokeMethod(MethodInvocationHelper.java:135)<br />
              org.testng.internal.invokers.TestInvoker.invokeMethod(TestInvoker.java:673)<br />
              org.testng.internal.invokers.TestInvoker.invokeTestMethod(TestInvoker.java:220)<br />
              org.testng.internal.invokers.MethodRunner.runInSequence(MethodRunner.java:50)<br />
              org.testng.internal.invokers.TestInvoker$MethodInvocationAgent.invoke(TestInvoker.java:945)<br />
              org.testng.internal.invokers.TestInvoker.invokeTestMethods(TestInvoker.java:193)<br />
              org.testng.internal.invokers.TestMethodWorker.invokeTestMethods(TestMethodWorker.java:146)<br />
              org.testng.internal.invokers.TestMethodWorker.run(TestMethodWorker.java:128)<br />
              java.util.ArrayList.forEach(ArrayList.java:1249)<br />
              org.testng.TestRunner.privateRun(TestRunner.java:808)<br />
              org.testng.TestRunner.run(TestRunner.java:603)<br />
              org.testng.SuiteRunner.runTest(SuiteRunner.java:429)<br />
              org.testng.SuiteRunner.runSequentially(SuiteRunner.java:423)<br />
              org.testng.SuiteRunner.privateRun(SuiteRunner.java:383)<br />
              org.testng.SuiteRunner.run(SuiteRunner.java:326)<br />
              org.testng.SuiteRunnerWorker.runSuite(SuiteRunnerWorker.java:52)<br />
              org.testng.SuiteRunnerWorker.run(SuiteRunnerWorker.java:95)<br />
              org.testng.TestNG.runSuitesSequentially(TestNG.java:1249)<br />
              org.testng.TestNG.runSuitesLocally(TestNG.java:1169)<br />
              org.testng.TestNG.runSuites(TestNG.java:1092)<br />
              org.testng.TestNG.run(TestNG.java:1060)<br />
              com.intellij.rt.testng.IDEARemoteTestNG.run(IDEARemoteTestNG.java:66)<br />
              com.intellij.rt.testng.RemoteTestNGStarter.main(RemoteTestNGStarter.java:109)<br />
                </div>
      </td>
</tr>
      </table>


  <table class="resultsTable">
    <tr><th colspan="3" class="header passed">Passed Tests</th></tr>
          <tr>
        <td colspan="3" class="group">com.tutuorialsninja.testsuite.DesktopTest</td>
      </tr>
            
<tr>
  <td class="method">
                  verifyProductAddedToShoppingCartSuccessFully
      </td>
  <td class="duration">
    7.745s
  </td>
  <td class="result">
        
    
            <div class="testOutput">
                        MouseHover And Click On Desktops: [[ChromeDriver: chrome on WINDOWS (f9823794432f32fb9d600f5ec457afe4)] -&gt; xpath: //a[text()=&apos;Desktops&apos;]]&lt;br&gt;<br />
                                Select A To Z: [[ChromeDriver: chrome on WINDOWS (f9823794432f32fb9d600f5ec457afe4)] -&gt; id: input-sort]&lt;br&gt;<br />
                                Select Product: [[ChromeDriver: chrome on WINDOWS (f9823794432f32fb9d600f5ec457afe4)] -&gt; xpath: //a[text()=&apos;HP LP3065&apos;]]&lt;br&gt;<br />
                                Verify Text HPLP3065: [[ChromeDriver: chrome on WINDOWS (f9823794432f32fb9d600f5ec457afe4)] -&gt; xpath: //h1[text()=&apos;HP LP3065&apos;]]&lt;br&gt;<br />
                                Input Quantity: [[ChromeDriver: chrome on WINDOWS (f9823794432f32fb9d600f5ec457afe4)] -&gt; id: input-quantity]&lt;br&gt;<br />
                                Click On Add To Cart Button: [[ChromeDriver: chrome on WINDOWS (f9823794432f32fb9d600f5ec457afe4)] -&gt; xpath: //button[text()=&apos;Add to Cart&apos;]]&lt;br&gt;<br />
                                Verify Text Message: [[ChromeDriver: chrome on WINDOWS (f9823794432f32fb9d600f5ec457afe4)] -&gt; xpath: //div[text()=&apos;Success: You have added &apos;]]&lt;br&gt;<br />
                                Click On Shopping Cart: [[ChromeDriver: chrome on WINDOWS (f9823794432f32fb9d600f5ec457afe4)] -&gt; xpath: //a[text()=&apos;shopping cart&apos;]]&lt;br&gt;<br />
                                Verify Text Shopping cart: [[ChromeDriver: chrome on WINDOWS (f9823794432f32fb9d600f5ec457afe4)] -&gt; xpath: //h1[contains(text(),&apos;Shopping Cart&apos;)]]&lt;br&gt;<br />
                                Verify Text HPLP3065: [[ChromeDriver: chrome on WINDOWS (f9823794432f32fb9d600f5ec457afe4)] -&gt; css selector: form .text-left a[href^=&apos;https&apos;]]&lt;br&gt;<br />
                                Verify Delivery Date: [[ChromeDriver: chrome on WINDOWS (f9823794432f32fb9d600f5ec457afe4)] -&gt; css selector: form tr:nth-child(1) &gt; td:nth-child(2) &gt; small:nth-child(3)]&lt;br&gt;<br />
                                Verify Model: [[ChromeDriver: chrome on WINDOWS (f9823794432f32fb9d600f5ec457afe4)] -&gt; css selector: form tbody:nth-child(2) &gt; tr:nth-child(1) &gt; td:nth-child(3)]&lt;br&gt;<br />
                                Verify Total: [[ChromeDriver: chrome on WINDOWS (f9823794432f32fb9d600f5ec457afe4)] -&gt; css selector: tbody tr td:nth-child(6)]&lt;br&gt;<br />
                  </div>
    

      </td>
</tr>
<tr>
  <td class="method">
                  verifyProductArrangeInAlphaBaticalOrder
      </td>
  <td class="duration">
    1.541s
  </td>
  <td class="result">
        
    
            <div class="testOutput">
                        MouseHover And Click On Desktops: [[ChromeDriver: chrome on WINDOWS (e0fe12817dc41637d892f13f06b23032)] -&gt; xpath: //a[text()=&apos;Desktops&apos;]]&lt;br&gt;<br />
                                Select Z To A: [[ChromeDriver: chrome on WINDOWS (e0fe12817dc41637d892f13f06b23032)] -&gt; id: input-sort]&lt;br&gt;<br />
                  </div>
    

      </td>
</tr>
          <tr>
        <td colspan="3" class="group">com.tutuorialsninja.testsuite.LaptopsAndNotebooksTest</td>
      </tr>
            
<tr>
  <td class="method">
                  verifyProductsPriceDisplayHighToLowSuccessfully
      </td>
  <td class="duration">
    1.192s
  </td>
  <td class="result">
        
    
            <div class="testOutput">
                        MouseHover And Click On LaptopsAndNotebooks: [[ChromeDriver: chrome on WINDOWS (6776a8beb0d73b236ac1828b0d17a911)] -&gt; xpath: //a[text()=&apos;Laptops &amp; Notebooks&apos;]]&lt;br&gt;<br />
                                Select High To Low: [[ChromeDriver: chrome on WINDOWS (6776a8beb0d73b236ac1828b0d17a911)] -&gt; id: input-sort]&lt;br&gt;<br />
                  </div>
    

      </td>
</tr>
<tr>
  <td class="method">
                  verifyThatUserPlaceOrderSuccessfully
      </td>
  <td class="duration">
    7.334s
  </td>
  <td class="result">
        
    
            <div class="testOutput">
                        MouseHover And Click On LaptopsAndNotebooks: [[ChromeDriver: chrome on WINDOWS (23b48a4dafd4d3d3525ff06adcbff023)] -&gt; xpath: //a[text()=&apos;Laptops &amp; Notebooks&apos;]]&lt;br&gt;<br />
                                Select High To Low: [[ChromeDriver: chrome on WINDOWS (23b48a4dafd4d3d3525ff06adcbff023)] -&gt; id: input-sort]&lt;br&gt;<br />
                                Select MacBook: [[ChromeDriver: chrome on WINDOWS (23b48a4dafd4d3d3525ff06adcbff023)] -&gt; xpath: //a[text()=&apos;MacBook&apos;]]&lt;br&gt;<br />
                                Verify Text MacBook: [[ChromeDriver: chrome on WINDOWS (23b48a4dafd4d3d3525ff06adcbff023)] -&gt; xpath: //h1[text()=&apos;MacBook&apos;]]&lt;br&gt;<br />
                                Click On Add To Cart: [[ChromeDriver: chrome on WINDOWS (23b48a4dafd4d3d3525ff06adcbff023)] -&gt; id: button-cart]&lt;br&gt;<br />
                                Verify Success Message: [[ChromeDriver: chrome on WINDOWS (23b48a4dafd4d3d3525ff06adcbff023)] -&gt; xpath: //div[text()=&apos;Success: You have added &apos;]]&lt;br&gt;<br />
                                Click On Shopping Cart: [[ChromeDriver: chrome on WINDOWS (23b48a4dafd4d3d3525ff06adcbff023)] -&gt; xpath: //a[text()=&apos;shopping cart&apos;]]&lt;br&gt;<br />
                                Verify Text Shopping cart: [[ChromeDriver: chrome on WINDOWS (23b48a4dafd4d3d3525ff06adcbff023)] -&gt; xpath: //h1[contains(text(),&apos;Shopping Cart&apos;)]]&lt;br&gt;<br />
                                Verify Product MacBook: [[ChromeDriver: chrome on WINDOWS (23b48a4dafd4d3d3525ff06adcbff023)] -&gt; css selector: form .text-left a[href^=&apos;https&apos;]]&lt;br&gt;<br />
                                Change Quantity: [[ChromeDriver: chrome on WINDOWS (23b48a4dafd4d3d3525ff06adcbff023)] -&gt; css selector: input[name*=&apos;quantity&apos;]]&lt;br&gt;<br />
                                Click On UpdateBtn: [[ChromeDriver: chrome on WINDOWS (23b48a4dafd4d3d3525ff06adcbff023)] -&gt; css selector: button[type=&apos;submit&apos;]]&lt;br&gt;<br />
                                Verify Update Message: [[ChromeDriver: chrome on WINDOWS (23b48a4dafd4d3d3525ff06adcbff023)] -&gt; xpath: //div[contains (text(), &apos;Success: You have modified&apos;)]]&lt;br&gt;<br />
                                Verify Total Update: [[ChromeDriver: chrome on WINDOWS (23b48a4dafd4d3d3525ff06adcbff023)] -&gt; css selector: tbody tr td:nth-child(6)]&lt;br&gt;<br />
                                Click On CheckoutBtn: [[ChromeDriver: chrome on WINDOWS (23b48a4dafd4d3d3525ff06adcbff023)] -&gt; xpath: //a[@class=&apos;btn btn-primary&apos;]]&lt;br&gt;<br />
                                Verify Checkout Text: [[ChromeDriver: chrome on WINDOWS (23b48a4dafd4d3d3525ff06adcbff023)] -&gt; xpath: //h1[text()=&apos;Checkout&apos;]]&lt;br&gt;<br />
                                Click On Guest Checkout: [[ChromeDriver: chrome on WINDOWS (23b48a4dafd4d3d3525ff06adcbff023)] -&gt; xpath: //label[text()=&apos;Guest Checkout&apos;]]&lt;br&gt;<br />
                                Click On Continue Button: [[ChromeDriver: chrome on WINDOWS (23b48a4dafd4d3d3525ff06adcbff023)] -&gt; css selector: #button-account]&lt;br&gt;<br />
                                Input FirstName: [[ChromeDriver: chrome on WINDOWS (23b48a4dafd4d3d3525ff06adcbff023)] -&gt; id: input-payment-firstname]&lt;br&gt;<br />
                                Input LastName: [[ChromeDriver: chrome on WINDOWS (23b48a4dafd4d3d3525ff06adcbff023)] -&gt; id: input-payment-lastname]&lt;br&gt;<br />
                                Input Email: [[ChromeDriver: chrome on WINDOWS (23b48a4dafd4d3d3525ff06adcbff023)] -&gt; id: input-payment-email]&lt;br&gt;<br />
                                Input Telephone: [[ChromeDriver: chrome on WINDOWS (23b48a4dafd4d3d3525ff06adcbff023)] -&gt; id: input-payment-telephone]&lt;br&gt;<br />
                                Input Address: [[ChromeDriver: chrome on WINDOWS (23b48a4dafd4d3d3525ff06adcbff023)] -&gt; id: input-payment-address-1]&lt;br&gt;<br />
                                Input City: [[ChromeDriver: chrome on WINDOWS (23b48a4dafd4d3d3525ff06adcbff023)] -&gt; id: input-payment-city]&lt;br&gt;<br />
                                Input PostCode: [[ChromeDriver: chrome on WINDOWS (23b48a4dafd4d3d3525ff06adcbff023)] -&gt; id: input-payment-postcode]&lt;br&gt;<br />
                                Select Country: [[ChromeDriver: chrome on WINDOWS (23b48a4dafd4d3d3525ff06adcbff023)] -&gt; id: input-payment-country]&lt;br&gt;<br />
                                Select Region: [[ChromeDriver: chrome on WINDOWS (23b48a4dafd4d3d3525ff06adcbff023)] -&gt; id: input-payment-zone]&lt;br&gt;<br />
                                Click On Continue Tab: [[ChromeDriver: chrome on WINDOWS (23b48a4dafd4d3d3525ff06adcbff023)] -&gt; id: button-guest]&lt;br&gt;<br />
                                Input Comment: [[ChromeDriver: chrome on WINDOWS (23b48a4dafd4d3d3525ff06adcbff023)] -&gt; xpath: //textarea[@name=&apos;comment&apos;]]&lt;br&gt;<br />
                                Clikc On CheckBox: [[ChromeDriver: chrome on WINDOWS (23b48a4dafd4d3d3525ff06adcbff023)] -&gt; xpath: //input[@type=&apos;checkbox&apos;]]&lt;br&gt;<br />
                                Click On Text Continue: [[ChromeDriver: chrome on WINDOWS (23b48a4dafd4d3d3525ff06adcbff023)] -&gt; id: button-payment-method]&lt;br&gt;<br />
                                Verify Payment Warning: [[ChromeDriver: chrome on WINDOWS (23b48a4dafd4d3d3525ff06adcbff023)] -&gt; xpath: //div[@class=&apos;alert alert-warning alert-dismissible&apos;]]&lt;br&gt;<br />
                  </div>
    

      </td>
</tr>
          <tr>
        <td colspan="3" class="group">com.tutuorialsninja.testsuite.MyAccountsTest</td>
      </tr>
            
<tr>
  <td class="method">
                  verifyUserShouldNavigateToLoginPageSuccessfully
      </td>
  <td class="duration">
    0.991s
  </td>
  <td class="result">
        
    
            <div class="testOutput">
                        Click On My Account: [[ChromeDriver: chrome on WINDOWS (043d814c09dde821970a9a67a503c539)] -&gt; xpath: //footer//a[text()=&apos;My Account&apos;]]&lt;br&gt;<br />
                                Verify Text Returning customer: [[ChromeDriver: chrome on WINDOWS (043d814c09dde821970a9a67a503c539)] -&gt; xpath: //h2[text()=&apos;Returning Customer&apos;]]&lt;br&gt;<br />
                  </div>
    

      </td>
</tr>
<tr>
  <td class="method">
                  verifyUserShouldNavigateToRegisterPageSuccessfully
      </td>
  <td class="duration">
    1.283s
  </td>
  <td class="result">
        
    
            <div class="testOutput">
                        Click On My Account: [[ChromeDriver: chrome on WINDOWS (aab4446f59d3f828cf2e6509d8b3ed86)] -&gt; xpath: //footer//a[text()=&apos;My Account&apos;]]&lt;br&gt;<br />
                                Verify Text Register Account: [[ChromeDriver: chrome on WINDOWS (aab4446f59d3f828cf2e6509d8b3ed86)] -&gt; xpath: //h1[text()=&apos;Register Account&apos;]]&lt;br&gt;<br />
                  </div>
    

      </td>
</tr>
          <tr>
        <td colspan="3" class="group">com.tutuorialsninja.testsuite.TopMenuTest</td>
      </tr>
            
<tr>
  <td class="method">
                  verifyUserShouldNavigateToComponentsPageSuccessfully
      </td>
  <td class="duration">
    0.861s
  </td>
  <td class="result">
        
    
            <div class="testOutput">
                        MouseHover On Componants and Click: [[ChromeDriver: chrome on WINDOWS (bd03bc923a25916e575be14793f9a54a)] -&gt; xpath: //a[text()=&apos;Components&apos;]]&lt;br&gt;<br />
                                Verify Text Componants: [[ChromeDriver: chrome on WINDOWS (bd03bc923a25916e575be14793f9a54a)] -&gt; xpath: //h2[text()=&apos;Components&apos;]]&lt;br&gt;<br />
                  </div>
    

      </td>
</tr>
<tr>
  <td class="method">
                  verifyUserShouldNavigateToDesktopsPageSuccessfully
      </td>
  <td class="duration">
    1.107s
  </td>
  <td class="result">
        
    
            <div class="testOutput">
                        MouseHover And Click On Desktops: [[ChromeDriver: chrome on WINDOWS (f703324e2de7658e01774c3870abe4be)] -&gt; xpath: //a[text()=&apos;Desktops&apos;]]&lt;br&gt;<br />
                                Verify DeskTop Title: [[ChromeDriver: chrome on WINDOWS (f703324e2de7658e01774c3870abe4be)] -&gt; xpath: //h2[text()=&apos;Desktops&apos;]]&lt;br&gt;<br />
                  </div>
    

      </td>
</tr>
<tr>
  <td class="method">
                  verifyUserShouldNavigateToLaptopsAndNotebooksPageSuccessfully
      </td>
  <td class="duration">
    0.817s
  </td>
  <td class="result">
        
    
            <div class="testOutput">
                        MouseHover And Click On LaptopsAndNotebooks: [[ChromeDriver: chrome on WINDOWS (fcf0fd78a3d13e64133f5b11f3e76b92)] -&gt; xpath: //a[text()=&apos;Laptops &amp; Notebooks&apos;]]&lt;br&gt;<br />
                                Verify Text Laptops And Notebooks: [[ChromeDriver: chrome on WINDOWS (fcf0fd78a3d13e64133f5b11f3e76b92)] -&gt; xpath: //h2[text()=&apos;Laptops &amp; Notebooks&apos;]]&lt;br&gt;<br />
                  </div>
    

      </td>
</tr>
      </table>
  
</body>
</html>
